<?xml version="1.0" encoding="UTF-8"?>
<testsuite name="org.example.MainTest" tests="1" skipped="0" failures="0" errors="0" timestamp="2023-02-27T10:10:37" hostname="DESKTOP-HAPLGAQ" time="0.021">
  <properties/>
  <testcase name="main()" classname="org.example.MainTest" time="0.021"/>
  <system-out><![CDATA[Р’РІРµРґРёС‚Рµ РіРѕРґ СѓСѓСѓСѓ 
]]></system-out>
  <system-err><![CDATA[]]></system-err>
</testsuite>
